[0.005s] Invoking command in '/home/mindu/person/build/seeker': CMAKE_PREFIX_PATH=${CMAKE_PREFIX_PATH}:/opt/ros/jazzy DEBUGINFOD_URLS=https://debuginfod.ubuntu.com /usr/bin/cmake /home/mindu/person/seeker -DCMAKE_INSTALL_PREFIX=/home/mindu/person/install/seeker
[0.049s] -- The C compiler identification is GNU 13.3.0
[0.093s] -- The CXX compiler identification is GNU 13.3.0
[0.114s] -- Detecting C compiler ABI info
[0.237s] -- Detecting C compiler ABI info - done
[0.249s] -- Check for working C compiler: /usr/bin/cc - skipped
[0.249s] -- Detecting C compile features
[0.249s] -- Detecting C compile features - done
[0.259s] -- Detecting CXX compiler ABI info
[0.363s] -- Detecting CXX compiler ABI info - done
[0.371s] -- Check for working CXX compiler: /usr/bin/c++ - skipped
[0.371s] -- Detecting CXX compile features
[0.371s] -- Detecting CXX compile features - done
[0.372s] -- Found ament_cmake: 2.5.5 (/opt/ros/jazzy/share/ament_cmake/cmake)
[0.492s] -- Found Python3: /usr/bin/python3 (found version "3.12.3") found components: Interpreter 
[0.555s] -- Found rclcpp: 28.1.16 (/opt/ros/jazzy/share/rclcpp/cmake)
[0.579s] -- Found rosidl_generator_c: 4.6.7 (/opt/ros/jazzy/share/rosidl_generator_c/cmake)
[0.586s] -- Found rosidl_generator_cpp: 4.6.7 (/opt/ros/jazzy/share/rosidl_generator_cpp/cmake)
[0.593s] -- Using all available rosidl_typesupport_c: rosidl_typesupport_fastrtps_c;rosidl_typesupport_introspection_c
[0.602s] -- Using all available rosidl_typesupport_cpp: rosidl_typesupport_fastrtps_cpp;rosidl_typesupport_introspection_cpp
[0.639s] -- Found rmw_implementation_cmake: 7.3.3 (/opt/ros/jazzy/share/rmw_implementation_cmake/cmake)
[0.640s] -- Found rmw_fastrtps_cpp: 8.4.3 (/opt/ros/jazzy/share/rmw_fastrtps_cpp/cmake)
[0.700s] -- Found OpenSSL: /usr/lib/x86_64-linux-gnu/libcrypto.so (found version "3.0.13")  
[0.722s] -- Found FastRTPS: /opt/ros/jazzy/include (Required is at least version "2.13") 
[0.738s] -- Using RMW implementation 'rmw_fastrtps_cpp' as default
[0.776s] -- Found std_msgs: 5.3.6 (/opt/ros/jazzy/share/std_msgs/cmake)
[0.784s] -- Found sensor_msgs: 5.3.6 (/opt/ros/jazzy/share/sensor_msgs/cmake)
[0.810s] -- Found cv_bridge: 4.1.0 (/opt/ros/jazzy/share/cv_bridge/cmake)
[0.816s] -- Found OpenCV: /usr/local (found version "4.10.0") 
[0.817s] -- Found ament_lint_auto: 0.17.4 (/opt/ros/jazzy/share/ament_lint_auto/cmake)
[0.873s] -- Added test 'cppcheck' to perform static code analysis on C / C++ code
[0.874s] -- Configured cppcheck include dirs: $<BUILD_INTERFACE:/home/mindu/person/seeker/include>
[0.874s] -- Configured cppcheck exclude dirs and/or files: 
[0.874s] -- Added test 'lint_cmake' to check CMake code style
[0.875s] -- Added test 'uncrustify' to check C / C++ code style
[0.875s] -- Configured uncrustify additional arguments: 
[0.875s] -- Added test 'xmllint' to check XML markup files
[0.876s] -- Configuring done (0.9s)
[0.883s] -- Generating done (0.0s)
[0.885s] -- Build files have been written to: /home/mindu/person/build/seeker
[0.890s] Invoked command in '/home/mindu/person/build/seeker' returned '0': CMAKE_PREFIX_PATH=${CMAKE_PREFIX_PATH}:/opt/ros/jazzy DEBUGINFOD_URLS=https://debuginfod.ubuntu.com /usr/bin/cmake /home/mindu/person/seeker -DCMAKE_INSTALL_PREFIX=/home/mindu/person/install/seeker
[0.891s] Invoking command in '/home/mindu/person/build/seeker': CMAKE_PREFIX_PATH=${CMAKE_PREFIX_PATH}:/opt/ros/jazzy DEBUGINFOD_URLS=https://debuginfod.ubuntu.com /usr/bin/cmake --build /home/mindu/person/build/seeker -- -j24 -l24
[0.943s] [ 50%] [32mBuilding CXX object CMakeFiles/publisher.dir/src/publisher.cpp.o[0m
[4.219s] [100%] [32m[1mLinking CXX executable publisher[0m
[4.322s] /usr/bin/ld: warning: libopencv_core.so.406, needed by /opt/ros/jazzy/lib/libcv_bridge.so, may conflict with libopencv_core.so.410
[4.494s] [100%] Built target publisher
[4.505s] Invoked command in '/home/mindu/person/build/seeker' returned '0': CMAKE_PREFIX_PATH=${CMAKE_PREFIX_PATH}:/opt/ros/jazzy DEBUGINFOD_URLS=https://debuginfod.ubuntu.com /usr/bin/cmake --build /home/mindu/person/build/seeker -- -j24 -l24
[4.513s] Invoking command in '/home/mindu/person/build/seeker': CMAKE_PREFIX_PATH=${CMAKE_PREFIX_PATH}:/opt/ros/jazzy DEBUGINFOD_URLS=https://debuginfod.ubuntu.com /usr/bin/cmake --install /home/mindu/person/build/seeker
[4.519s] -- Install configuration: ""
[4.519s] -- Installing: /home/mindu/person/install/seeker/lib/seeker/publisher
[4.521s] -- Set non-toolchain portion of runtime path of "/home/mindu/person/install/seeker/lib/seeker/publisher" to ""
[4.521s] -- Installing: /home/mindu/person/install/seeker/share/ament_index/resource_index/package_run_dependencies/seeker
[4.521s] -- Installing: /home/mindu/person/install/seeker/share/ament_index/resource_index/parent_prefix_path/seeker
[4.521s] -- Installing: /home/mindu/person/install/seeker/share/seeker/environment/ament_prefix_path.sh
[4.521s] -- Installing: /home/mindu/person/install/seeker/share/seeker/environment/ament_prefix_path.dsv
[4.521s] -- Installing: /home/mindu/person/install/seeker/share/seeker/environment/path.sh
[4.522s] -- Installing: /home/mindu/person/install/seeker/share/seeker/environment/path.dsv
[4.522s] -- Installing: /home/mindu/person/install/seeker/share/seeker/local_setup.bash
[4.522s] -- Installing: /home/mindu/person/install/seeker/share/seeker/local_setup.sh
[4.522s] -- Installing: /home/mindu/person/install/seeker/share/seeker/local_setup.zsh
[4.522s] -- Installing: /home/mindu/person/install/seeker/share/seeker/local_setup.dsv
[4.522s] -- Installing: /home/mindu/person/install/seeker/share/seeker/package.dsv
[4.522s] -- Installing: /home/mindu/person/install/seeker/share/ament_index/resource_index/packages/seeker
[4.522s] -- Installing: /home/mindu/person/install/seeker/share/seeker/cmake/seekerConfig.cmake
[4.522s] -- Installing: /home/mindu/person/install/seeker/share/seeker/cmake/seekerConfig-version.cmake
[4.522s] -- Installing: /home/mindu/person/install/seeker/share/seeker/package.xml
[4.524s] Invoked command in '/home/mindu/person/build/seeker' returned '0': CMAKE_PREFIX_PATH=${CMAKE_PREFIX_PATH}:/opt/ros/jazzy DEBUGINFOD_URLS=https://debuginfod.ubuntu.com /usr/bin/cmake --install /home/mindu/person/build/seeker
