[0.009s] Invoking command in '/home/mindu/person/build/seeker': CMAKE_PREFIX_PATH=${CMAKE_PREFIX_PATH}:/opt/ros/jazzy DEBUGINFOD_URLS=https://debuginfod.ubuntu.com /usr/bin/cmake --build /home/mindu/person/build/seeker -- -j24 -l24
[0.061s] -- Found ament_cmake: 2.5.5 (/opt/ros/jazzy/share/ament_cmake/cmake)
[0.286s] -- Found rclcpp: 28.1.16 (/opt/ros/jazzy/share/rclcpp/cmake)
[0.307s] -- Found rosidl_generator_c: 4.6.7 (/opt/ros/jazzy/share/rosidl_generator_c/cmake)
[0.314s] -- Found rosidl_generator_cpp: 4.6.7 (/opt/ros/jazzy/share/rosidl_generator_cpp/cmake)
[0.323s] -- Using all available rosidl_typesupport_c: rosidl_typesupport_fastrtps_c;rosidl_typesupport_introspection_c
[0.332s] -- Using all available rosidl_typesupport_cpp: rosidl_typesupport_fastrtps_cpp;rosidl_typesupport_introspection_cpp
[0.374s] -- Found rmw_implementation_cmake: 7.3.3 (/opt/ros/jazzy/share/rmw_implementation_cmake/cmake)
[0.375s] -- Found rmw_fastrtps_cpp: 8.4.3 (/opt/ros/jazzy/share/rmw_fastrtps_cpp/cmake)
[0.425s] -- Using RMW implementation 'rmw_fastrtps_cpp' as default
[0.466s] -- Found std_msgs: 5.3.6 (/opt/ros/jazzy/share/std_msgs/cmake)
[0.475s] -- Found sensor_msgs: 5.3.6 (/opt/ros/jazzy/share/sensor_msgs/cmake)
[0.501s] -- Found cv_bridge: 4.1.0 (/opt/ros/jazzy/share/cv_bridge/cmake)
[0.507s] -- Found std_srvs: 5.3.6 (/opt/ros/jazzy/share/std_srvs/cmake)
[0.520s] -- Found ament_lint_auto: 0.17.4 (/opt/ros/jazzy/share/ament_lint_auto/cmake)
[0.583s] -- Added test 'cppcheck' to perform static code analysis on C / C++ code
[0.583s] -- Configured cppcheck include dirs: $<BUILD_INTERFACE:/home/mindu/person/seeker/include>
[0.583s] -- Configured cppcheck exclude dirs and/or files: 
[0.584s] -- Added test 'flake8' to check Python code syntax and style conventions
[0.584s] -- Configured 'flake8' exclude dirs and/or files: 
[0.584s] -- Added test 'lint_cmake' to check CMake code style
[0.584s] -- Added test 'pep257' to check Python code against some of the docstring style conventions in PEP 257
[0.585s] -- Added test 'uncrustify' to check C / C++ code style
[0.585s] -- Configured uncrustify additional arguments: 
[0.585s] -- Added test 'xmllint' to check XML markup files
[0.586s] -- Configuring done (0.5s)
[0.600s] -- Generating done (0.0s)
[0.603s] -- Build files have been written to: /home/mindu/person/build/seeker
[0.636s] [ 25%] [32mBuilding CXX object CMakeFiles/publisher.dir/src/publisher.cpp.o[0m
[0.636s] [ 50%] [32mBuilding CXX object CMakeFiles/subscriber.dir/src/subscriber.cpp.o[0m
[2.525s] [01m[K/home/mindu/person/seeker/src/subscriber.cpp:[m[K In member function ‘[01m[Kvoid Subscriber::[01;32m[Krecall_ser[m[K(std::shared_ptr<std_srvs::srv::Empty_Request_<std::allocator<void> > >, std::shared_ptr<std_srvs::srv::Empty_Response_<std::allocator<void> > >)[m[K’:
[2.525s] [01m[K/home/mindu/person/seeker/src/subscriber.cpp:95:82:[m[K [01;35m[Kwarning: [m[Kunused parameter ‘[01m[Km[m[K’ [[01;35m[K]8;;https://gcc.gnu.org/onlinedocs/gcc/Warning-Options.html#index-Wunused-parameter-Wunused-parameter]8;;[m[K]
[2.525s]    95 | void Subscriber::recall_ser([01;35m[Kconst std::shared_ptr<std_srvs::srv::Empty::Request> m[m[K,const std::shared_ptr<std_srvs::srv::Empty::Response> n)
[2.525s]       |                             [01;35m[K~~~~~~~~~~~~~~~~~~~~~~~~~~~~~~~~~~~~~~~~~~~~~~~~~~~~~^[m[K
[2.525s] [01m[K/home/mindu/person/seeker/src/subscriber.cpp:95:138:[m[K [01;35m[Kwarning: [m[Kunused parameter ‘[01m[Kn[m[K’ [[01;35m[K]8;;https://gcc.gnu.org/onlinedocs/gcc/Warning-Options.html#index-Wunused-parameter-Wunused-parameter]8;;[m[K]
[2.525s]    95 | void Subscriber::recall_ser(const std::shared_ptr<std_srvs::srv::Empty::Request> m,[01;35m[Kconst std::shared_ptr<std_srvs::srv::Empty::Response> n[m[K)
[2.525s]       |                                                                                    [01;35m[K~~~~~~~~~~~~~~~~~~~~~~~~~~~~~~~~~~~~~~~~~~~~~~~~~~~~~~^[m[K
[4.503s] [ 75%] [32m[1mLinking CXX executable publisher[0m
[4.634s] /usr/bin/ld: warning: libopencv_core.so.406, needed by /opt/ros/jazzy/lib/libcv_bridge.so, may conflict with libopencv_core.so.410
[4.896s] [ 75%] Built target publisher
[6.377s] [100%] [32m[1mLinking CXX executable subscriber[0m
[6.507s] /usr/bin/ld: warning: libopencv_imgcodecs.so.406, needed by /opt/ros/jazzy/lib/libcv_bridge.so, may conflict with libopencv_imgcodecs.so.410
[6.508s] /usr/bin/ld: warning: libopencv_core.so.406, needed by /opt/ros/jazzy/lib/libcv_bridge.so, may conflict with libopencv_core.so.410
[6.684s] [100%] Built target subscriber
[6.692s] Invoked command in '/home/mindu/person/build/seeker' returned '0': CMAKE_PREFIX_PATH=${CMAKE_PREFIX_PATH}:/opt/ros/jazzy DEBUGINFOD_URLS=https://debuginfod.ubuntu.com /usr/bin/cmake --build /home/mindu/person/build/seeker -- -j24 -l24
[6.698s] Invoking command in '/home/mindu/person/build/seeker': CMAKE_PREFIX_PATH=${CMAKE_PREFIX_PATH}:/opt/ros/jazzy DEBUGINFOD_URLS=https://debuginfod.ubuntu.com /usr/bin/cmake --install /home/mindu/person/build/seeker
[6.705s] -- Install configuration: ""
[6.706s] -- Installing: /home/mindu/person/install/seeker/lib/seeker/publisher
[6.708s] -- Set non-toolchain portion of runtime path of "/home/mindu/person/install/seeker/lib/seeker/publisher" to ""
[6.709s] -- Installing: /home/mindu/person/install/seeker/lib/seeker/subscriber
[6.713s] -- Set non-toolchain portion of runtime path of "/home/mindu/person/install/seeker/lib/seeker/subscriber" to ""
[6.713s] -- Up-to-date: /home/mindu/person/install/seeker/share/seeker//launch
[6.713s] -- Up-to-date: /home/mindu/person/install/seeker/share/seeker//launch/kkk.launch.py
[6.713s] -- Up-to-date: /home/mindu/person/install/seeker/share/seeker//config
[6.713s] -- Up-to-date: /home/mindu/person/install/seeker/share/seeker//config/con.yaml
[6.713s] -- Up-to-date: /home/mindu/person/install/seeker/share/ament_index/resource_index/package_run_dependencies/seeker
[6.713s] -- Up-to-date: /home/mindu/person/install/seeker/share/ament_index/resource_index/parent_prefix_path/seeker
[6.713s] -- Up-to-date: /home/mindu/person/install/seeker/share/seeker/environment/ament_prefix_path.sh
[6.713s] -- Up-to-date: /home/mindu/person/install/seeker/share/seeker/environment/ament_prefix_path.dsv
[6.713s] -- Up-to-date: /home/mindu/person/install/seeker/share/seeker/environment/path.sh
[6.713s] -- Up-to-date: /home/mindu/person/install/seeker/share/seeker/environment/path.dsv
[6.713s] -- Up-to-date: /home/mindu/person/install/seeker/share/seeker/local_setup.bash
[6.713s] -- Up-to-date: /home/mindu/person/install/seeker/share/seeker/local_setup.sh
[6.713s] -- Up-to-date: /home/mindu/person/install/seeker/share/seeker/local_setup.zsh
[6.714s] -- Up-to-date: /home/mindu/person/install/seeker/share/seeker/local_setup.dsv
[6.714s] -- Installing: /home/mindu/person/install/seeker/share/seeker/package.dsv
[6.714s] -- Up-to-date: /home/mindu/person/install/seeker/share/ament_index/resource_index/packages/seeker
[6.714s] -- Up-to-date: /home/mindu/person/install/seeker/share/seeker/cmake/seekerConfig.cmake
[6.714s] -- Up-to-date: /home/mindu/person/install/seeker/share/seeker/cmake/seekerConfig-version.cmake
[6.714s] -- Up-to-date: /home/mindu/person/install/seeker/share/seeker/package.xml
[6.715s] Invoked command in '/home/mindu/person/build/seeker' returned '0': CMAKE_PREFIX_PATH=${CMAKE_PREFIX_PATH}:/opt/ros/jazzy DEBUGINFOD_URLS=https://debuginfod.ubuntu.com /usr/bin/cmake --install /home/mindu/person/build/seeker
