[ 50%] Built target publisher
[ 75%] [32mBuilding CXX object CMakeFiles/subscriber.dir/src/subscriber.cpp.o[0m
[01m[K/home/mindu/person/seeker/src/subscriber.cpp:[m[K In member function ‘[01m[Kvoid Subscriber::[01;32m[Krecall_ser[m[K(std::shared_ptr<std_srvs::srv::Empty_Request_<std::allocator<void> > >, std::shared_ptr<std_srvs::srv::Empty_Response_<std::allocator<void> > >)[m[K’:
[01m[K/home/mindu/person/seeker/src/subscriber.cpp:98:82:[m[K [01;35m[Kwarning: [m[Kunused parameter ‘[01m[Km[m[K’ [[01;35m[K]8;;https://gcc.gnu.org/onlinedocs/gcc/Warning-Options.html#index-Wunused-parameter-Wunused-parameter]8;;[m[K]
   98 | void Subscriber::recall_ser([01;35m[Kconst std::shared_ptr<std_srvs::srv::Empty::Request> m[m[K,const std::shared_ptr<std_srvs::srv::Empty::Response> n)
      |                             [01;35m[K~~~~~~~~~~~~~~~~~~~~~~~~~~~~~~~~~~~~~~~~~~~~~~~~~~~~~^[m[K
[01m[K/home/mindu/person/seeker/src/subscriber.cpp:98:138:[m[K [01;35m[Kwarning: [m[Kunused parameter ‘[01m[Kn[m[K’ [[01;35m[K]8;;https://gcc.gnu.org/onlinedocs/gcc/Warning-Options.html#index-Wunused-parameter-Wunused-parameter]8;;[m[K]
   98 | void Subscriber::recall_ser(const std::shared_ptr<std_srvs::srv::Empty::Request> m,[01;35m[Kconst std::shared_ptr<std_srvs::srv::Empty::Response> n[m[K)
      |                                                                                    [01;35m[K~~~~~~~~~~~~~~~~~~~~~~~~~~~~~~~~~~~~~~~~~~~~~~~~~~~~~~^[m[K
[100%] [32m[1mLinking CXX executable subscriber[0m
/usr/bin/ld: warning: libopencv_imgcodecs.so.406, needed by /opt/ros/jazzy/lib/libcv_bridge.so, may conflict with libopencv_imgcodecs.so.410
/usr/bin/ld: warning: libopencv_imgproc.so.406, needed by /opt/ros/jazzy/lib/libcv_bridge.so, may conflict with libopencv_imgproc.so.410
/usr/bin/ld: warning: libopencv_core.so.406, needed by /opt/ros/jazzy/lib/libcv_bridge.so, may conflict with libopencv_core.so.410
[100%] Built target subscriber
-- Install configuration: ""
-- Up-to-date: /home/mindu/person/install/seeker/lib/seeker/publisher
-- Installing: /home/mindu/person/install/seeker/lib/seeker/subscriber
-- Set non-toolchain portion of runtime path of "/home/mindu/person/install/seeker/lib/seeker/subscriber" to ""
-- Up-to-date: /home/mindu/person/install/seeker/share/seeker//launch
-- Up-to-date: /home/mindu/person/install/seeker/share/seeker//launch/kkk.launch.py
-- Up-to-date: /home/mindu/person/install/seeker/share/seeker//config
-- Up-to-date: /home/mindu/person/install/seeker/share/seeker//config/con.yaml
-- Up-to-date: /home/mindu/person/install/seeker/share/ament_index/resource_index/package_run_dependencies/seeker
-- Up-to-date: /home/mindu/person/install/seeker/share/ament_index/resource_index/parent_prefix_path/seeker
-- Up-to-date: /home/mindu/person/install/seeker/share/seeker/environment/ament_prefix_path.sh
-- Up-to-date: /home/mindu/person/install/seeker/share/seeker/environment/ament_prefix_path.dsv
-- Up-to-date: /home/mindu/person/install/seeker/share/seeker/environment/path.sh
-- Up-to-date: /home/mindu/person/install/seeker/share/seeker/environment/path.dsv
-- Up-to-date: /home/mindu/person/install/seeker/share/seeker/local_setup.bash
-- Up-to-date: /home/mindu/person/install/seeker/share/seeker/local_setup.sh
-- Up-to-date: /home/mindu/person/install/seeker/share/seeker/local_setup.zsh
-- Up-to-date: /home/mindu/person/install/seeker/share/seeker/local_setup.dsv
-- Installing: /home/mindu/person/install/seeker/share/seeker/package.dsv
-- Up-to-date: /home/mindu/person/install/seeker/share/ament_index/resource_index/packages/seeker
-- Up-to-date: /home/mindu/person/install/seeker/share/seeker/cmake/seekerConfig.cmake
-- Up-to-date: /home/mindu/person/install/seeker/share/seeker/cmake/seekerConfig-version.cmake
-- Up-to-date: /home/mindu/person/install/seeker/share/seeker/package.xml
