[0.005s] Invoking command in '/home/mindu/person/build/seeker': CMAKE_PREFIX_PATH=${CMAKE_PREFIX_PATH}:/opt/ros/jazzy DEBUGINFOD_URLS=https://debuginfod.ubuntu.com /usr/bin/cmake --build /home/mindu/person/build/seeker -- -j24 -l24
[0.056s] [ 50%] Built target publisher
[0.057s] [ 75%] [32mBuilding CXX object CMakeFiles/subscriber.dir/src/subscriber.cpp.o[0m
[1.828s] [01m[K/home/mindu/person/seeker/src/subscriber.cpp:[m[K In member function ‘[01m[Kvoid Subscriber::[01;32m[Krecall_ser[m[K(std::shared_ptr<std_srvs::srv::Empty_Request_<std::allocator<void> > >, std::shared_ptr<std_srvs::srv::Empty_Response_<std::allocator<void> > >)[m[K’:
[1.829s] [01m[K/home/mindu/person/seeker/src/subscriber.cpp:91:82:[m[K [01;35m[Kwarning: [m[Kunused parameter ‘[01m[Km[m[K’ [[01;35m[K]8;;https://gcc.gnu.org/onlinedocs/gcc/Warning-Options.html#index-Wunused-parameter-Wunused-parameter]8;;[m[K]
[1.829s]    91 | void Subscriber::recall_ser([01;35m[Kconst std::shared_ptr<std_srvs::srv::Empty::Request> m[m[K,const std::shared_ptr<std_srvs::srv::Empty::Response> n)
[1.829s]       |                             [01;35m[K~~~~~~~~~~~~~~~~~~~~~~~~~~~~~~~~~~~~~~~~~~~~~~~~~~~~~^[m[K
[1.829s] [01m[K/home/mindu/person/seeker/src/subscriber.cpp:91:138:[m[K [01;35m[Kwarning: [m[Kunused parameter ‘[01m[Kn[m[K’ [[01;35m[K]8;;https://gcc.gnu.org/onlinedocs/gcc/Warning-Options.html#index-Wunused-parameter-Wunused-parameter]8;;[m[K]
[1.829s]    91 | void Subscriber::recall_ser(const std::shared_ptr<std_srvs::srv::Empty::Request> m,[01;35m[Kconst std::shared_ptr<std_srvs::srv::Empty::Response> n[m[K)
[1.829s]       |                                                                                    [01;35m[K~~~~~~~~~~~~~~~~~~~~~~~~~~~~~~~~~~~~~~~~~~~~~~~~~~~~~~^[m[K
[5.630s] [100%] [32m[1mLinking CXX executable subscriber[0m
[5.752s] /usr/bin/ld: warning: libopencv_imgcodecs.so.406, needed by /opt/ros/jazzy/lib/libcv_bridge.so, may conflict with libopencv_imgcodecs.so.410
[5.752s] /usr/bin/ld: warning: libopencv_imgproc.so.406, needed by /opt/ros/jazzy/lib/libcv_bridge.so, may conflict with libopencv_imgproc.so.410
[5.752s] /usr/bin/ld: warning: libopencv_core.so.406, needed by /opt/ros/jazzy/lib/libcv_bridge.so, may conflict with libopencv_core.so.410
[5.932s] [100%] Built target subscriber
[5.943s] Invoked command in '/home/mindu/person/build/seeker' returned '0': CMAKE_PREFIX_PATH=${CMAKE_PREFIX_PATH}:/opt/ros/jazzy DEBUGINFOD_URLS=https://debuginfod.ubuntu.com /usr/bin/cmake --build /home/mindu/person/build/seeker -- -j24 -l24
[5.949s] Invoking command in '/home/mindu/person/build/seeker': CMAKE_PREFIX_PATH=${CMAKE_PREFIX_PATH}:/opt/ros/jazzy DEBUGINFOD_URLS=https://debuginfod.ubuntu.com /usr/bin/cmake --install /home/mindu/person/build/seeker
[5.954s] -- Install configuration: ""
[5.954s] -- Up-to-date: /home/mindu/person/install/seeker/lib/seeker/publisher
[5.954s] -- Installing: /home/mindu/person/install/seeker/lib/seeker/subscriber
[5.958s] -- Set non-toolchain portion of runtime path of "/home/mindu/person/install/seeker/lib/seeker/subscriber" to ""
[5.958s] -- Up-to-date: /home/mindu/person/install/seeker/share/seeker//launch
[5.958s] -- Up-to-date: /home/mindu/person/install/seeker/share/seeker//launch/kkk.launch.py
[5.958s] -- Up-to-date: /home/mindu/person/install/seeker/share/seeker//config
[5.958s] -- Installing: /home/mindu/person/install/seeker/share/seeker//config/con.yaml
[5.958s] -- Up-to-date: /home/mindu/person/install/seeker/share/ament_index/resource_index/package_run_dependencies/seeker
[5.958s] -- Up-to-date: /home/mindu/person/install/seeker/share/ament_index/resource_index/parent_prefix_path/seeker
[5.958s] -- Up-to-date: /home/mindu/person/install/seeker/share/seeker/environment/ament_prefix_path.sh
[5.958s] -- Up-to-date: /home/mindu/person/install/seeker/share/seeker/environment/ament_prefix_path.dsv
[5.958s] -- Up-to-date: /home/mindu/person/install/seeker/share/seeker/environment/path.sh
[5.958s] -- Up-to-date: /home/mindu/person/install/seeker/share/seeker/environment/path.dsv
[5.958s] -- Up-to-date: /home/mindu/person/install/seeker/share/seeker/local_setup.bash
[5.958s] -- Up-to-date: /home/mindu/person/install/seeker/share/seeker/local_setup.sh
[5.958s] -- Up-to-date: /home/mindu/person/install/seeker/share/seeker/local_setup.zsh
[5.958s] -- Up-to-date: /home/mindu/person/install/seeker/share/seeker/local_setup.dsv
[5.958s] -- Installing: /home/mindu/person/install/seeker/share/seeker/package.dsv
[5.958s] -- Up-to-date: /home/mindu/person/install/seeker/share/ament_index/resource_index/packages/seeker
[5.958s] -- Up-to-date: /home/mindu/person/install/seeker/share/seeker/cmake/seekerConfig.cmake
[5.958s] -- Up-to-date: /home/mindu/person/install/seeker/share/seeker/cmake/seekerConfig-version.cmake
[5.958s] -- Up-to-date: /home/mindu/person/install/seeker/share/seeker/package.xml
[5.959s] Invoked command in '/home/mindu/person/build/seeker' returned '0': CMAKE_PREFIX_PATH=${CMAKE_PREFIX_PATH}:/opt/ros/jazzy DEBUGINFOD_URLS=https://debuginfod.ubuntu.com /usr/bin/cmake --install /home/mindu/person/build/seeker
