-- Found ament_cmake: 2.5.5 (/opt/ros/jazzy/share/ament_cmake/cmake)
-- Found rclcpp: 28.1.16 (/opt/ros/jazzy/share/rclcpp/cmake)
-- Found rosidl_generator_c: 4.6.7 (/opt/ros/jazzy/share/rosidl_generator_c/cmake)
-- Found rosidl_generator_cpp: 4.6.7 (/opt/ros/jazzy/share/rosidl_generator_cpp/cmake)
-- Using all available rosidl_typesupport_c: rosidl_typesupport_fastrtps_c;rosidl_typesupport_introspection_c
-- Using all available rosidl_typesupport_cpp: rosidl_typesupport_fastrtps_cpp;rosidl_typesupport_introspection_cpp
-- Found rmw_implementation_cmake: 7.3.3 (/opt/ros/jazzy/share/rmw_implementation_cmake/cmake)
-- Found rmw_fastrtps_cpp: 8.4.3 (/opt/ros/jazzy/share/rmw_fastrtps_cpp/cmake)
-- Using RMW implementation 'rmw_fastrtps_cpp' as default
-- Found std_msgs: 5.3.6 (/opt/ros/jazzy/share/std_msgs/cmake)
-- Found sensor_msgs: 5.3.6 (/opt/ros/jazzy/share/sensor_msgs/cmake)
-- Found cv_bridge: 4.1.0 (/opt/ros/jazzy/share/cv_bridge/cmake)
-- Found std_srvs: 5.3.6 (/opt/ros/jazzy/share/std_srvs/cmake)
-- Found ament_lint_auto: 0.17.4 (/opt/ros/jazzy/share/ament_lint_auto/cmake)
-- Added test 'cppcheck' to perform static code analysis on C / C++ code
-- Configured cppcheck include dirs: $<BUILD_INTERFACE:/home/mindu/person/seeker/include>
-- Configured cppcheck exclude dirs and/or files: 
-- Added test 'flake8' to check Python code syntax and style conventions
-- Configured 'flake8' exclude dirs and/or files: 
-- Added test 'lint_cmake' to check CMake code style
-- Added test 'pep257' to check Python code against some of the docstring style conventions in PEP 257
-- Added test 'uncrustify' to check C / C++ code style
-- Configured uncrustify additional arguments: 
-- Added test 'xmllint' to check XML markup files
-- Configuring done (0.4s)
-- Generating done (0.0s)
-- Build files have been written to: /home/mindu/person/build/seeker
[ 25%] [32mBuilding CXX object CMakeFiles/subscriber.dir/src/subscriber.cpp.o[0m
[ 50%] [32mBuilding CXX object CMakeFiles/publisher.dir/src/publisher.cpp.o[0m
[ 75%] [32m[1mLinking CXX executable publisher[0m
[ 75%] Built target publisher
[100%] [32m[1mLinking CXX executable subscriber[0m
[100%] Built target subscriber
-- Install configuration: ""
-- Installing: /home/mindu/person/install/seeker/lib/seeker/publisher
-- Set non-toolchain portion of runtime path of "/home/mindu/person/install/seeker/lib/seeker/publisher" to ""
-- Installing: /home/mindu/person/install/seeker/lib/seeker/subscriber
-- Set non-toolchain portion of runtime path of "/home/mindu/person/install/seeker/lib/seeker/subscriber" to ""
-- Up-to-date: /home/mindu/person/install/seeker/share/seeker//launch
-- Installing: /home/mindu/person/install/seeker/share/seeker//launch/kkk.launch.py
-- Installing: /home/mindu/person/install/seeker/share/seeker//config
-- Installing: /home/mindu/person/install/seeker/share/seeker//config/con.yaml
-- Up-to-date: /home/mindu/person/install/seeker/share/ament_index/resource_index/package_run_dependencies/seeker
-- Up-to-date: /home/mindu/person/install/seeker/share/ament_index/resource_index/parent_prefix_path/seeker
-- Up-to-date: /home/mindu/person/install/seeker/share/seeker/environment/ament_prefix_path.sh
-- Up-to-date: /home/mindu/person/install/seeker/share/seeker/environment/ament_prefix_path.dsv
-- Up-to-date: /home/mindu/person/install/seeker/share/seeker/environment/path.sh
-- Up-to-date: /home/mindu/person/install/seeker/share/seeker/environment/path.dsv
-- Up-to-date: /home/mindu/person/install/seeker/share/seeker/local_setup.bash
-- Up-to-date: /home/mindu/person/install/seeker/share/seeker/local_setup.sh
-- Up-to-date: /home/mindu/person/install/seeker/share/seeker/local_setup.zsh
-- Up-to-date: /home/mindu/person/install/seeker/share/seeker/local_setup.dsv
-- Installing: /home/mindu/person/install/seeker/share/seeker/package.dsv
-- Up-to-date: /home/mindu/person/install/seeker/share/ament_index/resource_index/packages/seeker
-- Up-to-date: /home/mindu/person/install/seeker/share/seeker/cmake/seekerConfig.cmake
-- Up-to-date: /home/mindu/person/install/seeker/share/seeker/cmake/seekerConfig-version.cmake
-- Up-to-date: /home/mindu/person/install/seeker/share/seeker/package.xml
