[0.046s] DEBUG:colcon:Command line arguments: ['/usr/bin/colcon', 'build']
[0.046s] DEBUG:colcon:Parsed command line arguments: Namespace(log_base=None, log_level=None, verb_name='build', build_base='build', install_base='install', merge_install=False, symlink_install=False, test_result_base=None, continue_on_error=False, executor='parallel', parallel_workers=24, event_handlers=None, ignore_user_meta=False, metas=['./colcon.meta'], base_paths=['.'], packages_ignore=None, packages_ignore_regex=None, paths=None, packages_up_to=None, packages_up_to_regex=None, packages_above=None, packages_above_and_dependencies=None, packages_above_depth=None, packages_select_by_dep=None, packages_skip_by_dep=None, packages_skip_up_to=None, packages_select_build_failed=False, packages_skip_build_finished=False, packages_select_test_failures=False, packages_skip_test_passed=False, packages_select=None, packages_skip=None, packages_select_regex=None, packages_skip_regex=None, packages_start=None, packages_end=None, allow_overriding=[], cmake_args=None, cmake_target=None, cmake_target_skip_unavailable=False, cmake_clean_cache=False, cmake_clean_first=False, cmake_force_configure=False, ament_cmake_args=None, catkin_cmake_args=None, catkin_skip_building_tests=False, verb_parser=<colcon_defaults.argument_parser.defaults.DefaultArgumentsDecorator object at 0x7a73c1681490>, verb_extension=<colcon_core.verb.build.BuildVerb object at 0x7a73c1681250>, main=<bound method BuildVerb.main of <colcon_core.verb.build.BuildVerb object at 0x7a73c1681250>>)
[0.064s] Level 1:colcon.colcon_core.package_discovery:discover_packages(colcon_meta) check parameters
[0.064s] Level 1:colcon.colcon_core.package_discovery:discover_packages(recursive) check parameters
[0.064s] Level 1:colcon.colcon_core.package_discovery:discover_packages(ignore) check parameters
[0.064s] Level 1:colcon.colcon_core.package_discovery:discover_packages(path) check parameters
[0.064s] Level 1:colcon.colcon_core.package_discovery:discover_packages(colcon_meta) discover
[0.065s] Level 1:colcon.colcon_core.package_discovery:discover_packages(recursive) discover
[0.065s] INFO:colcon.colcon_core.package_discovery:Crawling recursively for packages in '/home/mindu/person'
[0.065s] Level 1:colcon.colcon_core.package_identification:_identify(.) by extensions ['ignore', 'ignore_ament_install']
[0.065s] Level 1:colcon.colcon_core.package_identification:_identify(.) by extension 'ignore'
[0.065s] Level 1:colcon.colcon_core.package_identification:_identify(.) by extension 'ignore_ament_install'
[0.065s] Level 1:colcon.colcon_core.package_identification:_identify(.) by extensions ['colcon_pkg']
[0.065s] Level 1:colcon.colcon_core.package_identification:_identify(.) by extension 'colcon_pkg'
[0.065s] Level 1:colcon.colcon_core.package_identification:_identify(.) by extensions ['colcon_meta']
[0.065s] Level 1:colcon.colcon_core.package_identification:_identify(.) by extension 'colcon_meta'
[0.065s] Level 1:colcon.colcon_core.package_identification:_identify(.) by extensions ['ros']
[0.065s] Level 1:colcon.colcon_core.package_identification:_identify(.) by extension 'ros'
[0.077s] Level 1:colcon.colcon_core.package_identification:_identify(.) by extensions ['cmake', 'python']
[0.077s] Level 1:colcon.colcon_core.package_identification:_identify(.) by extension 'cmake'
[0.077s] Level 1:colcon.colcon_core.package_identification:_identify(.) by extension 'python'
[0.077s] Level 1:colcon.colcon_core.package_identification:_identify(.) by extensions ['python_setup_py']
[0.077s] Level 1:colcon.colcon_core.package_identification:_identify(.) by extension 'python_setup_py'
[0.077s] Level 1:colcon.colcon_core.package_identification:_identify(build) by extensions ['ignore', 'ignore_ament_install']
[0.077s] Level 1:colcon.colcon_core.package_identification:_identify(build) by extension 'ignore'
[0.077s] Level 1:colcon.colcon_core.package_identification:_identify(build) ignored
[0.078s] Level 1:colcon.colcon_core.package_identification:_identify(images) by extensions ['ignore', 'ignore_ament_install']
[0.078s] Level 1:colcon.colcon_core.package_identification:_identify(images) by extension 'ignore'
[0.078s] Level 1:colcon.colcon_core.package_identification:_identify(images) by extension 'ignore_ament_install'
[0.078s] Level 1:colcon.colcon_core.package_identification:_identify(images) by extensions ['colcon_pkg']
[0.078s] Level 1:colcon.colcon_core.package_identification:_identify(images) by extension 'colcon_pkg'
[0.078s] Level 1:colcon.colcon_core.package_identification:_identify(images) by extensions ['colcon_meta']
[0.078s] Level 1:colcon.colcon_core.package_identification:_identify(images) by extension 'colcon_meta'
[0.078s] Level 1:colcon.colcon_core.package_identification:_identify(images) by extensions ['ros']
[0.078s] Level 1:colcon.colcon_core.package_identification:_identify(images) by extension 'ros'
[0.078s] Level 1:colcon.colcon_core.package_identification:_identify(images) by extensions ['cmake', 'python']
[0.078s] Level 1:colcon.colcon_core.package_identification:_identify(images) by extension 'cmake'
[0.078s] Level 1:colcon.colcon_core.package_identification:_identify(images) by extension 'python'
[0.078s] Level 1:colcon.colcon_core.package_identification:_identify(images) by extensions ['python_setup_py']
[0.078s] Level 1:colcon.colcon_core.package_identification:_identify(images) by extension 'python_setup_py'
[0.078s] Level 1:colcon.colcon_core.package_identification:_identify(install) by extensions ['ignore', 'ignore_ament_install']
[0.078s] Level 1:colcon.colcon_core.package_identification:_identify(install) by extension 'ignore'
[0.078s] Level 1:colcon.colcon_core.package_identification:_identify(install) ignored
[0.078s] Level 1:colcon.colcon_core.package_identification:_identify(log) by extensions ['ignore', 'ignore_ament_install']
[0.078s] Level 1:colcon.colcon_core.package_identification:_identify(log) by extension 'ignore'
[0.078s] Level 1:colcon.colcon_core.package_identification:_identify(log) ignored
[0.078s] Level 1:colcon.colcon_core.package_identification:_identify(seeker) by extensions ['ignore', 'ignore_ament_install']
[0.078s] Level 1:colcon.colcon_core.package_identification:_identify(seeker) by extension 'ignore'
[0.078s] Level 1:colcon.colcon_core.package_identification:_identify(seeker) by extension 'ignore_ament_install'
[0.078s] Level 1:colcon.colcon_core.package_identification:_identify(seeker) by extensions ['colcon_pkg']
[0.078s] Level 1:colcon.colcon_core.package_identification:_identify(seeker) by extension 'colcon_pkg'
[0.078s] Level 1:colcon.colcon_core.package_identification:_identify(seeker) by extensions ['colcon_meta']
[0.078s] Level 1:colcon.colcon_core.package_identification:_identify(seeker) by extension 'colcon_meta'
[0.078s] Level 1:colcon.colcon_core.package_identification:_identify(seeker) by extensions ['ros']
[0.078s] Level 1:colcon.colcon_core.package_identification:_identify(seeker) by extension 'ros'
[0.080s] DEBUG:colcon.colcon_core.package_identification:Package 'seeker' with type 'ros.ament_cmake' and name 'seeker'
[0.080s] Level 1:colcon.colcon_core.package_discovery:discover_packages(recursive) using defaults
[0.080s] Level 1:colcon.colcon_core.package_discovery:discover_packages(ignore) discover
[0.080s] Level 1:colcon.colcon_core.package_discovery:discover_packages(ignore) using defaults
[0.080s] Level 1:colcon.colcon_core.package_discovery:discover_packages(path) discover
[0.080s] Level 1:colcon.colcon_core.package_discovery:discover_packages(path) using defaults
[0.088s] Level 1:colcon.colcon_core.package_discovery:discover_packages(prefix_path) check parameters
[0.088s] Level 1:colcon.colcon_core.package_discovery:discover_packages(prefix_path) discover
[0.090s] DEBUG:colcon.colcon_installed_package_information.package_discovery:Found 286 installed packages in /opt/ros/jazzy
[0.090s] Level 1:colcon.colcon_core.package_discovery:discover_packages(prefix_path) using defaults
[0.107s] Level 5:colcon.colcon_core.verb:set package 'seeker' build argument 'cmake_args' from command line to 'None'
[0.107s] Level 5:colcon.colcon_core.verb:set package 'seeker' build argument 'cmake_target' from command line to 'None'
[0.107s] Level 5:colcon.colcon_core.verb:set package 'seeker' build argument 'cmake_target_skip_unavailable' from command line to 'False'
[0.107s] Level 5:colcon.colcon_core.verb:set package 'seeker' build argument 'cmake_clean_cache' from command line to 'False'
[0.107s] Level 5:colcon.colcon_core.verb:set package 'seeker' build argument 'cmake_clean_first' from command line to 'False'
[0.107s] Level 5:colcon.colcon_core.verb:set package 'seeker' build argument 'cmake_force_configure' from command line to 'False'
[0.107s] Level 5:colcon.colcon_core.verb:set package 'seeker' build argument 'ament_cmake_args' from command line to 'None'
[0.107s] Level 5:colcon.colcon_core.verb:set package 'seeker' build argument 'catkin_cmake_args' from command line to 'None'
[0.107s] Level 5:colcon.colcon_core.verb:set package 'seeker' build argument 'catkin_skip_building_tests' from command line to 'False'
[0.107s] DEBUG:colcon.colcon_core.verb:Building package 'seeker' with the following arguments: {'ament_cmake_args': None, 'build_base': '/home/mindu/person/build/seeker', 'catkin_cmake_args': None, 'catkin_skip_building_tests': False, 'cmake_args': None, 'cmake_clean_cache': False, 'cmake_clean_first': False, 'cmake_force_configure': False, 'cmake_target': None, 'cmake_target_skip_unavailable': False, 'install_base': '/home/mindu/person/install/seeker', 'merge_install': False, 'path': '/home/mindu/person/seeker', 'symlink_install': False, 'test_result_base': None}
[0.107s] INFO:colcon.colcon_core.executor:Executing jobs using 'parallel' executor
[0.108s] DEBUG:colcon.colcon_parallel_executor.executor.parallel:run_until_complete
[0.108s] INFO:colcon.colcon_ros.task.ament_cmake.build:Building ROS package in '/home/mindu/person/seeker' with build type 'ament_cmake'
[0.108s] INFO:colcon.colcon_cmake.task.cmake.build:Building CMake package in '/home/mindu/person/seeker'
[0.109s] INFO:colcon.colcon_core.plugin_system:Skipping extension 'colcon_core.shell.bat': Not used on non-Windows systems
[0.109s] INFO:colcon.colcon_core.shell:Skip shell extension 'powershell' for command environment: Not usable outside of PowerShell
[0.109s] DEBUG:colcon.colcon_core.shell:Skip shell extension 'dsv' for command environment
[0.113s] DEBUG:colcon.colcon_core.event_handler.log_command:Invoking command in '/home/mindu/person/build/seeker': CMAKE_PREFIX_PATH=${CMAKE_PREFIX_PATH}:/opt/ros/jazzy DEBUGINFOD_URLS=https://debuginfod.ubuntu.com /usr/bin/cmake --build /home/mindu/person/build/seeker -- -j24 -l24
[0.165s] DEBUG:colcon.colcon_core.event_handler.log_command:Invoked command in '/home/mindu/person/build/seeker' returned '0': CMAKE_PREFIX_PATH=${CMAKE_PREFIX_PATH}:/opt/ros/jazzy DEBUGINFOD_URLS=https://debuginfod.ubuntu.com /usr/bin/cmake --build /home/mindu/person/build/seeker -- -j24 -l24
[0.176s] DEBUG:colcon.colcon_core.event_handler.log_command:Invoking command in '/home/mindu/person/build/seeker': CMAKE_PREFIX_PATH=${CMAKE_PREFIX_PATH}:/opt/ros/jazzy DEBUGINFOD_URLS=https://debuginfod.ubuntu.com /usr/bin/cmake --install /home/mindu/person/build/seeker
[0.187s] Level 1:colcon.colcon_core.environment:create_environment_scripts_only(seeker)
[0.188s] DEBUG:colcon.colcon_core.event_handler.log_command:Invoked command in '/home/mindu/person/build/seeker' returned '0': CMAKE_PREFIX_PATH=${CMAKE_PREFIX_PATH}:/opt/ros/jazzy DEBUGINFOD_URLS=https://debuginfod.ubuntu.com /usr/bin/cmake --install /home/mindu/person/build/seeker
[0.191s] Level 1:colcon.colcon_core.environment:checking '/home/mindu/person/install/seeker' for CMake module files
[0.192s] Level 1:colcon.colcon_core.environment:checking '/home/mindu/person/install/seeker' for CMake config files
[0.192s] Level 1:colcon.colcon_core.shell:create_environment_hook('seeker', 'cmake_prefix_path')
[0.192s] INFO:colcon.colcon_core.shell:Creating environment hook '/home/mindu/person/install/seeker/share/seeker/hook/cmake_prefix_path.ps1'
[0.193s] INFO:colcon.colcon_core.shell:Creating environment descriptor '/home/mindu/person/install/seeker/share/seeker/hook/cmake_prefix_path.dsv'
[0.194s] INFO:colcon.colcon_core.shell:Creating environment hook '/home/mindu/person/install/seeker/share/seeker/hook/cmake_prefix_path.sh'
[0.196s] Level 1:colcon.colcon_core.environment:checking '/home/mindu/person/install/seeker/lib'
[0.196s] Level 1:colcon.colcon_core.environment:checking '/home/mindu/person/install/seeker/bin'
[0.196s] Level 1:colcon.colcon_core.environment:checking '/home/mindu/person/install/seeker/lib/pkgconfig/seeker.pc'
[0.196s] Level 1:colcon.colcon_core.environment:checking '/home/mindu/person/install/seeker/lib/python3.12/site-packages'
[0.197s] Level 1:colcon.colcon_core.environment:checking '/home/mindu/person/install/seeker/bin'
[0.197s] INFO:colcon.colcon_core.shell:Creating package script '/home/mindu/person/install/seeker/share/seeker/package.ps1'
[0.198s] INFO:colcon.colcon_core.shell:Creating package descriptor '/home/mindu/person/install/seeker/share/seeker/package.dsv'
[0.199s] INFO:colcon.colcon_core.shell:Creating package script '/home/mindu/person/install/seeker/share/seeker/package.sh'
[0.200s] INFO:colcon.colcon_core.shell:Creating package script '/home/mindu/person/install/seeker/share/seeker/package.bash'
[0.200s] INFO:colcon.colcon_core.shell:Creating package script '/home/mindu/person/install/seeker/share/seeker/package.zsh'
[0.201s] Level 1:colcon.colcon_core.environment:create_file_with_runtime_dependencies(/home/mindu/person/install/seeker/share/colcon-core/packages/seeker)
[0.202s] Level 1:colcon.colcon_core.environment:create_environment_scripts_only(seeker)
[0.202s] Level 1:colcon.colcon_core.environment:checking '/home/mindu/person/install/seeker' for CMake module files
[0.202s] Level 1:colcon.colcon_core.environment:checking '/home/mindu/person/install/seeker' for CMake config files
[0.203s] Level 1:colcon.colcon_core.shell:create_environment_hook('seeker', 'cmake_prefix_path')
[0.203s] INFO:colcon.colcon_core.shell:Creating environment hook '/home/mindu/person/install/seeker/share/seeker/hook/cmake_prefix_path.ps1'
[0.203s] INFO:colcon.colcon_core.shell:Creating environment descriptor '/home/mindu/person/install/seeker/share/seeker/hook/cmake_prefix_path.dsv'
[0.204s] INFO:colcon.colcon_core.shell:Creating environment hook '/home/mindu/person/install/seeker/share/seeker/hook/cmake_prefix_path.sh'
[0.204s] Level 1:colcon.colcon_core.environment:checking '/home/mindu/person/install/seeker/lib'
[0.204s] Level 1:colcon.colcon_core.environment:checking '/home/mindu/person/install/seeker/bin'
[0.204s] Level 1:colcon.colcon_core.environment:checking '/home/mindu/person/install/seeker/lib/pkgconfig/seeker.pc'
[0.205s] Level 1:colcon.colcon_core.environment:checking '/home/mindu/person/install/seeker/lib/python3.12/site-packages'
[0.205s] Level 1:colcon.colcon_core.environment:checking '/home/mindu/person/install/seeker/bin'
[0.205s] INFO:colcon.colcon_core.shell:Creating package script '/home/mindu/person/install/seeker/share/seeker/package.ps1'
[0.206s] INFO:colcon.colcon_core.shell:Creating package descriptor '/home/mindu/person/install/seeker/share/seeker/package.dsv'
[0.206s] INFO:colcon.colcon_core.shell:Creating package script '/home/mindu/person/install/seeker/share/seeker/package.sh'
[0.206s] INFO:colcon.colcon_core.shell:Creating package script '/home/mindu/person/install/seeker/share/seeker/package.bash'
[0.207s] INFO:colcon.colcon_core.shell:Creating package script '/home/mindu/person/install/seeker/share/seeker/package.zsh'
[0.207s] Level 1:colcon.colcon_core.environment:create_file_with_runtime_dependencies(/home/mindu/person/install/seeker/share/colcon-core/packages/seeker)
[0.207s] DEBUG:colcon.colcon_parallel_executor.executor.parallel:closing loop
[0.207s] DEBUG:colcon.colcon_parallel_executor.executor.parallel:loop closed
[0.207s] DEBUG:colcon.colcon_parallel_executor.executor.parallel:run_until_complete finished with '0'
[0.208s] DEBUG:colcon.colcon_core.event_reactor:joining thread
[0.211s] INFO:colcon.colcon_core.plugin_system:Skipping extension 'colcon_notification.desktop_notification.terminal_notifier': Not used on non-Darwin systems
[0.211s] INFO:colcon.colcon_core.plugin_system:Skipping extension 'colcon_notification.desktop_notification.win32': Not used on non-Windows systems
[0.211s] INFO:colcon.colcon_notification.desktop_notification:Sending desktop notification using 'notify2'
[0.229s] DEBUG:colcon.colcon_core.event_reactor:joined thread
[0.230s] INFO:colcon.colcon_core.shell:Creating prefix script '/home/mindu/person/install/local_setup.ps1'
[0.231s] INFO:colcon.colcon_core.shell:Creating prefix util module '/home/mindu/person/install/_local_setup_util_ps1.py'
[0.232s] INFO:colcon.colcon_core.shell:Creating prefix chain script '/home/mindu/person/install/setup.ps1'
[0.232s] INFO:colcon.colcon_core.shell:Creating prefix script '/home/mindu/person/install/local_setup.sh'
[0.233s] INFO:colcon.colcon_core.shell:Creating prefix util module '/home/mindu/person/install/_local_setup_util_sh.py'
[0.233s] INFO:colcon.colcon_core.shell:Creating prefix chain script '/home/mindu/person/install/setup.sh'
[0.234s] INFO:colcon.colcon_core.shell:Creating prefix script '/home/mindu/person/install/local_setup.bash'
[0.234s] INFO:colcon.colcon_core.shell:Creating prefix chain script '/home/mindu/person/install/setup.bash'
[0.235s] INFO:colcon.colcon_core.shell:Creating prefix script '/home/mindu/person/install/local_setup.zsh'
[0.235s] INFO:colcon.colcon_core.shell:Creating prefix chain script '/home/mindu/person/install/setup.zsh'
